ARM GAS  C:\Users\az\AppData\Local\Temp\cctgK9mf.s 			page 1


   1              		.cpu cortex-m3
   2              		.arch armv7-m
   3              		.fpu softvfp
   4              		.eabi_attribute 20, 1
   5              		.eabi_attribute 21, 1
   6              		.eabi_attribute 23, 3
   7              		.eabi_attribute 24, 1
   8              		.eabi_attribute 25, 1
   9              		.eabi_attribute 26, 1
  10              		.eabi_attribute 30, 1
  11              		.eabi_attribute 34, 1
  12              		.eabi_attribute 18, 4
  13              		.file	"portserial.c"
  14              		.text
  15              	.Ltext0:
  16              		.cfi_sections	.debug_frame
  17              		.section	.text.xMBPortSerialInit,"ax",%progbits
  18              		.align	1
  19              		.global	xMBPortSerialInit
  20              		.syntax unified
  21              		.thumb
  22              		.thumb_func
  24              	xMBPortSerialInit:
  25              	.LVL0:
  26              	.LFB65:
  27              		.file 1 "Drivers/FreeModbus/port/portserial.c"
   1:Drivers/FreeModbus/port/portserial.c **** #include "port.h"
   2:Drivers/FreeModbus/port/portserial.c **** #include "mb.h"
   3:Drivers/FreeModbus/port/portserial.c **** #include "mbport.h"
   4:Drivers/FreeModbus/port/portserial.c **** 
   5:Drivers/FreeModbus/port/portserial.c **** #include "usart.h"
   6:Drivers/FreeModbus/port/portserial.c **** 
   7:Drivers/FreeModbus/port/portserial.c **** #if MB_SLAVE_RTU_ENABLED > 0 || MB_SLAVE_ASCII_ENABLED > 0
   8:Drivers/FreeModbus/port/portserial.c **** 
   9:Drivers/FreeModbus/port/portserial.c **** /* ----------------------- Static variables ---------------------------------*/
  10:Drivers/FreeModbus/port/portserial.c **** UART_HandleTypeDef *uart;
  11:Drivers/FreeModbus/port/portserial.c **** 
  12:Drivers/FreeModbus/port/portserial.c **** static uint8_t singlechar;
  13:Drivers/FreeModbus/port/portserial.c **** 
  14:Drivers/FreeModbus/port/portserial.c **** /* ----------------------- User defenitions ---------------------------------*/
  15:Drivers/FreeModbus/port/portserial.c **** // #define RS485_RTS_LOW	HAL_GPIO_WritePin(RS485_RTS_GPIO_Port, RS485_RTS_Pin, GPIO_PIN_RESET)
  16:Drivers/FreeModbus/port/portserial.c **** // #define RS485_RTS_HIGH 	HAL_GPIO_WritePin(RS485_RTS_GPIO_Port, RS485_RTS_Pin, GPIO_PIN_SET)
  17:Drivers/FreeModbus/port/portserial.c **** 
  18:Drivers/FreeModbus/port/portserial.c **** 
  19:Drivers/FreeModbus/port/portserial.c **** /* ----------------------- Start implementation -----------------------------*/
  20:Drivers/FreeModbus/port/portserial.c **** BOOL xMBPortSerialInit( void *dHUART, ULONG ulBaudRate, void *dHTIM )
  21:Drivers/FreeModbus/port/portserial.c **** {
  28              		.loc 1 21 1 view -0
  29              		.cfi_startproc
  30              		@ args = 0, pretend = 0, frame = 0
  31              		@ frame_needed = 0, uses_anonymous_args = 0
  32              		.loc 1 21 1 is_stmt 0 view .LVU1
  33 0000 08B5     		push	{r3, lr}
  34              	.LCFI0:
  35              		.cfi_def_cfa_offset 8
  36              		.cfi_offset 3, -8
  37              		.cfi_offset 14, -4
ARM GAS  C:\Users\az\AppData\Local\Temp\cctgK9mf.s 			page 2


  22:Drivers/FreeModbus/port/portserial.c **** 	uart = (UART_HandleTypeDef *)dHUART;
  38              		.loc 1 22 2 is_stmt 1 view .LVU2
  39              		.loc 1 22 7 is_stmt 0 view .LVU3
  40 0002 034A     		ldr	r2, .L3
  41              	.LVL1:
  42              		.loc 1 22 7 view .LVU4
  43 0004 1060     		str	r0, [r2]
  23:Drivers/FreeModbus/port/portserial.c **** 
  24:Drivers/FreeModbus/port/portserial.c **** 	uart->Init.BaudRate = ulBaudRate;		/* Override baud rate */
  44              		.loc 1 24 2 is_stmt 1 view .LVU5
  45              		.loc 1 24 22 is_stmt 0 view .LVU6
  46 0006 4160     		str	r1, [r0, #4]
  25:Drivers/FreeModbus/port/portserial.c **** 	HAL_UART_Init(dHUART);					/* Initialization UART */
  47              		.loc 1 25 2 is_stmt 1 view .LVU7
  48 0008 FFF7FEFF 		bl	HAL_UART_Init
  49              	.LVL2:
  26:Drivers/FreeModbus/port/portserial.c **** 
  27:Drivers/FreeModbus/port/portserial.c **** 	return TRUE;
  50              		.loc 1 27 2 view .LVU8
  28:Drivers/FreeModbus/port/portserial.c **** }
  51              		.loc 1 28 1 is_stmt 0 view .LVU9
  52 000c 0120     		movs	r0, #1
  53 000e 08BD     		pop	{r3, pc}
  54              	.L4:
  55              		.align	2
  56              	.L3:
  57 0010 00000000 		.word	.LANCHOR0
  58              		.cfi_endproc
  59              	.LFE65:
  61              		.section	.text.vMBPortSerialEnable,"ax",%progbits
  62              		.align	1
  63              		.global	vMBPortSerialEnable
  64              		.syntax unified
  65              		.thumb
  66              		.thumb_func
  68              	vMBPortSerialEnable:
  69              	.LVL3:
  70              	.LFB66:
  29:Drivers/FreeModbus/port/portserial.c **** 
  30:Drivers/FreeModbus/port/portserial.c **** void vMBPortSerialEnable(BOOL xRxEnable, BOOL xTxEnable)
  31:Drivers/FreeModbus/port/portserial.c **** {
  71              		.loc 1 31 1 is_stmt 1 view -0
  72              		.cfi_startproc
  73              		@ args = 0, pretend = 0, frame = 0
  74              		@ frame_needed = 0, uses_anonymous_args = 0
  75              		.loc 1 31 1 is_stmt 0 view .LVU11
  76 0000 10B5     		push	{r4, lr}
  77              	.LCFI1:
  78              		.cfi_def_cfa_offset 8
  79              		.cfi_offset 4, -8
  80              		.cfi_offset 14, -4
  81 0002 0C46     		mov	r4, r1
  32:Drivers/FreeModbus/port/portserial.c **** 	if(xRxEnable)
  82              		.loc 1 32 2 is_stmt 1 view .LVU12
  83              		.loc 1 32 4 is_stmt 0 view .LVU13
  84 0004 50B1     		cbz	r0, .L6
  33:Drivers/FreeModbus/port/portserial.c **** 	{
ARM GAS  C:\Users\az\AppData\Local\Temp\cctgK9mf.s 			page 3


  34:Drivers/FreeModbus/port/portserial.c **** 		// RS485_RTS_LOW;
  35:Drivers/FreeModbus/port/portserial.c **** 		HAL_UART_Receive_IT(uart, &singlechar, 1);
  85              		.loc 1 35 3 is_stmt 1 view .LVU14
  86 0006 0122     		movs	r2, #1
  87 0008 0949     		ldr	r1, .L11
  88              	.LVL4:
  89              		.loc 1 35 3 is_stmt 0 view .LVU15
  90 000a 0A4B     		ldr	r3, .L11+4
  91 000c 1868     		ldr	r0, [r3]
  92              	.LVL5:
  93              		.loc 1 35 3 view .LVU16
  94 000e FFF7FEFF 		bl	HAL_UART_Receive_IT
  95              	.LVL6:
  96              	.L7:
  36:Drivers/FreeModbus/port/portserial.c **** 	}	
  37:Drivers/FreeModbus/port/portserial.c **** 	else
  38:Drivers/FreeModbus/port/portserial.c **** 	{
  39:Drivers/FreeModbus/port/portserial.c **** 		HAL_UART_AbortReceive_IT(uart);
  40:Drivers/FreeModbus/port/portserial.c **** 	}
  41:Drivers/FreeModbus/port/portserial.c **** 
  42:Drivers/FreeModbus/port/portserial.c **** 	if(xTxEnable)
  97              		.loc 1 42 2 is_stmt 1 view .LVU17
  98              		.loc 1 42 4 is_stmt 0 view .LVU18
  99 0012 44B1     		cbz	r4, .L8
  43:Drivers/FreeModbus/port/portserial.c **** 	{
  44:Drivers/FreeModbus/port/portserial.c **** 		// RS485_RTS_HIGH;
  45:Drivers/FreeModbus/port/portserial.c **** 		pxMBFrameCBTransmitterEmpty();
 100              		.loc 1 45 3 is_stmt 1 view .LVU19
 101 0014 084B     		ldr	r3, .L11+8
 102 0016 1B68     		ldr	r3, [r3]
 103 0018 9847     		blx	r3
 104              	.LVL7:
 105              	.L5:
  46:Drivers/FreeModbus/port/portserial.c **** 	}
  47:Drivers/FreeModbus/port/portserial.c **** 	else
  48:Drivers/FreeModbus/port/portserial.c **** 	{
  49:Drivers/FreeModbus/port/portserial.c **** 		HAL_UART_AbortTransmit_IT(uart);
  50:Drivers/FreeModbus/port/portserial.c **** 	}
  51:Drivers/FreeModbus/port/portserial.c **** }
 106              		.loc 1 51 1 is_stmt 0 view .LVU20
 107 001a 10BD     		pop	{r4, pc}
 108              	.LVL8:
 109              	.L6:
  39:Drivers/FreeModbus/port/portserial.c **** 	}
 110              		.loc 1 39 3 is_stmt 1 view .LVU21
 111 001c 054B     		ldr	r3, .L11+4
 112 001e 1868     		ldr	r0, [r3]
 113              	.LVL9:
  39:Drivers/FreeModbus/port/portserial.c **** 	}
 114              		.loc 1 39 3 is_stmt 0 view .LVU22
 115 0020 FFF7FEFF 		bl	HAL_UART_AbortReceive_IT
 116              	.LVL10:
  39:Drivers/FreeModbus/port/portserial.c **** 	}
 117              		.loc 1 39 3 view .LVU23
 118 0024 F5E7     		b	.L7
 119              	.L8:
  49:Drivers/FreeModbus/port/portserial.c **** 	}
ARM GAS  C:\Users\az\AppData\Local\Temp\cctgK9mf.s 			page 4


 120              		.loc 1 49 3 is_stmt 1 view .LVU24
 121 0026 034B     		ldr	r3, .L11+4
 122 0028 1868     		ldr	r0, [r3]
 123 002a FFF7FEFF 		bl	HAL_UART_AbortTransmit_IT
 124              	.LVL11:
 125              		.loc 1 51 1 is_stmt 0 view .LVU25
 126 002e F4E7     		b	.L5
 127              	.L12:
 128              		.align	2
 129              	.L11:
 130 0030 00000000 		.word	.LANCHOR1
 131 0034 00000000 		.word	.LANCHOR0
 132 0038 00000000 		.word	pxMBFrameCBTransmitterEmpty
 133              		.cfi_endproc
 134              	.LFE66:
 136              		.section	.text.vMBPortClose,"ax",%progbits
 137              		.align	1
 138              		.global	vMBPortClose
 139              		.syntax unified
 140              		.thumb
 141              		.thumb_func
 143              	vMBPortClose:
 144              	.LFB67:
  52:Drivers/FreeModbus/port/portserial.c **** 
  53:Drivers/FreeModbus/port/portserial.c **** void vMBPortClose(void)
  54:Drivers/FreeModbus/port/portserial.c **** {
 145              		.loc 1 54 1 is_stmt 1 view -0
 146              		.cfi_startproc
 147              		@ args = 0, pretend = 0, frame = 0
 148              		@ frame_needed = 0, uses_anonymous_args = 0
 149 0000 10B5     		push	{r4, lr}
 150              	.LCFI2:
 151              		.cfi_def_cfa_offset 8
 152              		.cfi_offset 4, -8
 153              		.cfi_offset 14, -4
  55:Drivers/FreeModbus/port/portserial.c **** 	HAL_UART_AbortReceive_IT(uart);
 154              		.loc 1 55 2 view .LVU27
 155 0002 044C     		ldr	r4, .L15
 156 0004 2068     		ldr	r0, [r4]
 157 0006 FFF7FEFF 		bl	HAL_UART_AbortReceive_IT
 158              	.LVL12:
  56:Drivers/FreeModbus/port/portserial.c **** 	HAL_UART_AbortTransmit_IT(uart);
 159              		.loc 1 56 2 view .LVU28
 160 000a 2068     		ldr	r0, [r4]
 161 000c FFF7FEFF 		bl	HAL_UART_AbortTransmit_IT
 162              	.LVL13:
  57:Drivers/FreeModbus/port/portserial.c **** }
 163              		.loc 1 57 1 is_stmt 0 view .LVU29
 164 0010 10BD     		pop	{r4, pc}
 165              	.L16:
 166 0012 00BF     		.align	2
 167              	.L15:
 168 0014 00000000 		.word	.LANCHOR0
 169              		.cfi_endproc
 170              	.LFE67:
 172              		.section	.text.xMBPortSerialPutByte,"ax",%progbits
 173              		.align	1
ARM GAS  C:\Users\az\AppData\Local\Temp\cctgK9mf.s 			page 5


 174              		.global	xMBPortSerialPutByte
 175              		.syntax unified
 176              		.thumb
 177              		.thumb_func
 179              	xMBPortSerialPutByte:
 180              	.LVL14:
 181              	.LFB68:
  58:Drivers/FreeModbus/port/portserial.c **** 
  59:Drivers/FreeModbus/port/portserial.c **** BOOL xMBPortSerialPutByte(CHAR ucByte)
  60:Drivers/FreeModbus/port/portserial.c **** {
 182              		.loc 1 60 1 is_stmt 1 view -0
 183              		.cfi_startproc
 184              		@ args = 0, pretend = 0, frame = 8
 185              		@ frame_needed = 0, uses_anonymous_args = 0
 186              		.loc 1 60 1 is_stmt 0 view .LVU31
 187 0000 00B5     		push	{lr}
 188              	.LCFI3:
 189              		.cfi_def_cfa_offset 4
 190              		.cfi_offset 14, -4
 191 0002 83B0     		sub	sp, sp, #12
 192              	.LCFI4:
 193              		.cfi_def_cfa_offset 16
 194 0004 8DF80700 		strb	r0, [sp, #7]
  61:Drivers/FreeModbus/port/portserial.c **** 	HAL_UART_Transmit_IT(uart, (uint8_t*)&ucByte, 1);
 195              		.loc 1 61 2 is_stmt 1 view .LVU32
 196 0008 0122     		movs	r2, #1
 197 000a 0DF10701 		add	r1, sp, #7
 198 000e 044B     		ldr	r3, .L19
 199 0010 1868     		ldr	r0, [r3]
 200              	.LVL15:
 201              		.loc 1 61 2 is_stmt 0 view .LVU33
 202 0012 FFF7FEFF 		bl	HAL_UART_Transmit_IT
 203              	.LVL16:
  62:Drivers/FreeModbus/port/portserial.c **** 	return TRUE;
 204              		.loc 1 62 2 is_stmt 1 view .LVU34
  63:Drivers/FreeModbus/port/portserial.c **** }
 205              		.loc 1 63 1 is_stmt 0 view .LVU35
 206 0016 0120     		movs	r0, #1
 207 0018 03B0     		add	sp, sp, #12
 208              	.LCFI5:
 209              		.cfi_def_cfa_offset 4
 210              		@ sp needed
 211 001a 5DF804FB 		ldr	pc, [sp], #4
 212              	.L20:
 213 001e 00BF     		.align	2
 214              	.L19:
 215 0020 00000000 		.word	.LANCHOR0
 216              		.cfi_endproc
 217              	.LFE68:
 219              		.section	.text.xMBPortSerialPutBytes,"ax",%progbits
 220              		.align	1
 221              		.global	xMBPortSerialPutBytes
 222              		.syntax unified
 223              		.thumb
 224              		.thumb_func
 226              	xMBPortSerialPutBytes:
 227              	.LVL17:
ARM GAS  C:\Users\az\AppData\Local\Temp\cctgK9mf.s 			page 6


 228              	.LFB69:
  64:Drivers/FreeModbus/port/portserial.c **** 
  65:Drivers/FreeModbus/port/portserial.c **** BOOL xMBPortSerialPutBytes(volatile UCHAR *ucByte, USHORT usSize)
  66:Drivers/FreeModbus/port/portserial.c **** {
 229              		.loc 1 66 1 is_stmt 1 view -0
 230              		.cfi_startproc
 231              		@ args = 0, pretend = 0, frame = 0
 232              		@ frame_needed = 0, uses_anonymous_args = 0
 233              		.loc 1 66 1 is_stmt 0 view .LVU37
 234 0000 08B5     		push	{r3, lr}
 235              	.LCFI6:
 236              		.cfi_def_cfa_offset 8
 237              		.cfi_offset 3, -8
 238              		.cfi_offset 14, -4
 239 0002 0A46     		mov	r2, r1
  67:Drivers/FreeModbus/port/portserial.c **** 	HAL_UART_Transmit_IT(uart, (uint8_t *)ucByte, usSize);
 240              		.loc 1 67 2 is_stmt 1 view .LVU38
 241 0004 0146     		mov	r1, r0
 242              	.LVL18:
 243              		.loc 1 67 2 is_stmt 0 view .LVU39
 244 0006 034B     		ldr	r3, .L23
 245 0008 1868     		ldr	r0, [r3]
 246              	.LVL19:
 247              		.loc 1 67 2 view .LVU40
 248 000a FFF7FEFF 		bl	HAL_UART_Transmit_IT
 249              	.LVL20:
  68:Drivers/FreeModbus/port/portserial.c **** 	return TRUE;
 250              		.loc 1 68 2 is_stmt 1 view .LVU41
  69:Drivers/FreeModbus/port/portserial.c **** }
 251              		.loc 1 69 1 is_stmt 0 view .LVU42
 252 000e 0120     		movs	r0, #1
 253 0010 08BD     		pop	{r3, pc}
 254              	.L24:
 255 0012 00BF     		.align	2
 256              	.L23:
 257 0014 00000000 		.word	.LANCHOR0
 258              		.cfi_endproc
 259              	.LFE69:
 261              		.section	.text.xMBPortSerialGetByte,"ax",%progbits
 262              		.align	1
 263              		.global	xMBPortSerialGetByte
 264              		.syntax unified
 265              		.thumb
 266              		.thumb_func
 268              	xMBPortSerialGetByte:
 269              	.LVL21:
 270              	.LFB70:
  70:Drivers/FreeModbus/port/portserial.c **** 
  71:Drivers/FreeModbus/port/portserial.c **** BOOL xMBPortSerialGetByte(CHAR * pucByte)
  72:Drivers/FreeModbus/port/portserial.c **** {
 271              		.loc 1 72 1 is_stmt 1 view -0
 272              		.cfi_startproc
 273              		@ args = 0, pretend = 0, frame = 0
 274              		@ frame_needed = 0, uses_anonymous_args = 0
 275              		@ link register save eliminated.
  73:Drivers/FreeModbus/port/portserial.c **** 	*pucByte = (uint8_t)(singlechar);
 276              		.loc 1 73 2 view .LVU44
ARM GAS  C:\Users\az\AppData\Local\Temp\cctgK9mf.s 			page 7


 277              		.loc 1 73 11 is_stmt 0 view .LVU45
 278 0000 024B     		ldr	r3, .L26
 279 0002 1B78     		ldrb	r3, [r3]	@ zero_extendqisi2
 280 0004 0370     		strb	r3, [r0]
  74:Drivers/FreeModbus/port/portserial.c **** 	return TRUE;
 281              		.loc 1 74 2 is_stmt 1 view .LVU46
  75:Drivers/FreeModbus/port/portserial.c **** }
 282              		.loc 1 75 1 is_stmt 0 view .LVU47
 283 0006 0120     		movs	r0, #1
 284              	.LVL22:
 285              		.loc 1 75 1 view .LVU48
 286 0008 7047     		bx	lr
 287              	.L27:
 288 000a 00BF     		.align	2
 289              	.L26:
 290 000c 00000000 		.word	.LANCHOR1
 291              		.cfi_endproc
 292              	.LFE70:
 294              		.section	.text.HAL_UART_RxCpltCallback,"ax",%progbits
 295              		.align	1
 296              		.global	HAL_UART_RxCpltCallback
 297              		.syntax unified
 298              		.thumb
 299              		.thumb_func
 301              	HAL_UART_RxCpltCallback:
 302              	.LVL23:
 303              	.LFB71:
  76:Drivers/FreeModbus/port/portserial.c **** 
  77:Drivers/FreeModbus/port/portserial.c **** void HAL_UART_RxCpltCallback(UART_HandleTypeDef *huart)
  78:Drivers/FreeModbus/port/portserial.c **** {
 304              		.loc 1 78 1 is_stmt 1 view -0
 305              		.cfi_startproc
 306              		@ args = 0, pretend = 0, frame = 0
 307              		@ frame_needed = 0, uses_anonymous_args = 0
 308              		.loc 1 78 1 is_stmt 0 view .LVU50
 309 0000 08B5     		push	{r3, lr}
 310              	.LCFI7:
 311              		.cfi_def_cfa_offset 8
 312              		.cfi_offset 3, -8
 313              		.cfi_offset 14, -4
  79:Drivers/FreeModbus/port/portserial.c **** 	if(huart->Instance == uart->Instance)
 314              		.loc 1 79 2 is_stmt 1 view .LVU51
 315              		.loc 1 79 10 is_stmt 0 view .LVU52
 316 0002 0268     		ldr	r2, [r0]
 317              		.loc 1 79 28 view .LVU53
 318 0004 074B     		ldr	r3, .L32
 319 0006 1B68     		ldr	r3, [r3]
 320 0008 1B68     		ldr	r3, [r3]
 321              		.loc 1 79 4 view .LVU54
 322 000a 9A42     		cmp	r2, r3
 323 000c 00D0     		beq	.L31
 324              	.LVL24:
 325              	.L28:
  80:Drivers/FreeModbus/port/portserial.c **** 	{
  81:Drivers/FreeModbus/port/portserial.c **** 		pxMBFrameCBByteReceived();
  82:Drivers/FreeModbus/port/portserial.c **** 		HAL_UART_Receive_IT(uart, &singlechar, 1);
  83:Drivers/FreeModbus/port/portserial.c **** 	}
ARM GAS  C:\Users\az\AppData\Local\Temp\cctgK9mf.s 			page 8


  84:Drivers/FreeModbus/port/portserial.c **** }
 326              		.loc 1 84 1 view .LVU55
 327 000e 08BD     		pop	{r3, pc}
 328              	.LVL25:
 329              	.L31:
  81:Drivers/FreeModbus/port/portserial.c **** 		HAL_UART_Receive_IT(uart, &singlechar, 1);
 330              		.loc 1 81 3 is_stmt 1 view .LVU56
 331 0010 054B     		ldr	r3, .L32+4
 332 0012 1B68     		ldr	r3, [r3]
 333 0014 9847     		blx	r3
 334              	.LVL26:
  82:Drivers/FreeModbus/port/portserial.c **** 	}
 335              		.loc 1 82 3 view .LVU57
 336 0016 0122     		movs	r2, #1
 337 0018 0449     		ldr	r1, .L32+8
 338 001a 024B     		ldr	r3, .L32
 339 001c 1868     		ldr	r0, [r3]
 340 001e FFF7FEFF 		bl	HAL_UART_Receive_IT
 341              	.LVL27:
 342              		.loc 1 84 1 is_stmt 0 view .LVU58
 343 0022 F4E7     		b	.L28
 344              	.L33:
 345              		.align	2
 346              	.L32:
 347 0024 00000000 		.word	.LANCHOR0
 348 0028 00000000 		.word	pxMBFrameCBByteReceived
 349 002c 00000000 		.word	.LANCHOR1
 350              		.cfi_endproc
 351              	.LFE71:
 353              		.section	.text.HAL_UART_TxCpltCallback,"ax",%progbits
 354              		.align	1
 355              		.global	HAL_UART_TxCpltCallback
 356              		.syntax unified
 357              		.thumb
 358              		.thumb_func
 360              	HAL_UART_TxCpltCallback:
 361              	.LVL28:
 362              	.LFB72:
  85:Drivers/FreeModbus/port/portserial.c **** 
  86:Drivers/FreeModbus/port/portserial.c **** void HAL_UART_TxCpltCallback(UART_HandleTypeDef *huart)
  87:Drivers/FreeModbus/port/portserial.c **** {
 363              		.loc 1 87 1 is_stmt 1 view -0
 364              		.cfi_startproc
 365              		@ args = 0, pretend = 0, frame = 0
 366              		@ frame_needed = 0, uses_anonymous_args = 0
 367              		.loc 1 87 1 is_stmt 0 view .LVU60
 368 0000 08B5     		push	{r3, lr}
 369              	.LCFI8:
 370              		.cfi_def_cfa_offset 8
 371              		.cfi_offset 3, -8
 372              		.cfi_offset 14, -4
  88:Drivers/FreeModbus/port/portserial.c **** 	if(huart->Instance == uart->Instance)
 373              		.loc 1 88 2 is_stmt 1 view .LVU61
 374              		.loc 1 88 10 is_stmt 0 view .LVU62
 375 0002 0268     		ldr	r2, [r0]
 376              		.loc 1 88 28 view .LVU63
 377 0004 044B     		ldr	r3, .L38
ARM GAS  C:\Users\az\AppData\Local\Temp\cctgK9mf.s 			page 9


 378 0006 1B68     		ldr	r3, [r3]
 379 0008 1B68     		ldr	r3, [r3]
 380              		.loc 1 88 4 view .LVU64
 381 000a 9A42     		cmp	r2, r3
 382 000c 00D0     		beq	.L37
 383              	.LVL29:
 384              	.L34:
  89:Drivers/FreeModbus/port/portserial.c **** 	{
  90:Drivers/FreeModbus/port/portserial.c **** 		pxMBFrameCBTransmitterEmpty();
  91:Drivers/FreeModbus/port/portserial.c **** 	}
  92:Drivers/FreeModbus/port/portserial.c **** }
 385              		.loc 1 92 1 view .LVU65
 386 000e 08BD     		pop	{r3, pc}
 387              	.LVL30:
 388              	.L37:
  90:Drivers/FreeModbus/port/portserial.c **** 	}
 389              		.loc 1 90 3 is_stmt 1 view .LVU66
 390 0010 024B     		ldr	r3, .L38+4
 391 0012 1B68     		ldr	r3, [r3]
 392 0014 9847     		blx	r3
 393              	.LVL31:
 394              		.loc 1 92 1 is_stmt 0 view .LVU67
 395 0016 FAE7     		b	.L34
 396              	.L39:
 397              		.align	2
 398              	.L38:
 399 0018 00000000 		.word	.LANCHOR0
 400 001c 00000000 		.word	pxMBFrameCBTransmitterEmpty
 401              		.cfi_endproc
 402              	.LFE72:
 404              		.global	uart
 405              		.section	.bss.singlechar,"aw",%nobits
 406              		.set	.LANCHOR1,. + 0
 409              	singlechar:
 410 0000 00       		.space	1
 411              		.section	.bss.uart,"aw",%nobits
 412              		.align	2
 413              		.set	.LANCHOR0,. + 0
 416              	uart:
 417 0000 00000000 		.space	4
 418              		.text
 419              	.Letext0:
 420              		.file 2 "c:\\vscodeide\\software\\armembeddedgcc\\arm-none-eabi\\include\\machine\\_default_types.
 421              		.file 3 "c:\\vscodeide\\software\\armembeddedgcc\\arm-none-eabi\\include\\sys\\_stdint.h"
 422              		.file 4 "Drivers/CMSIS/Device/ST/STM32F1xx/Include/stm32f103xb.h"
 423              		.file 5 "Drivers/STM32F1xx_HAL_Driver/Inc/stm32f1xx_hal_def.h"
 424              		.file 6 "Drivers/STM32F1xx_HAL_Driver/Inc/stm32f1xx_hal_dma.h"
 425              		.file 7 "Drivers/STM32F1xx_HAL_Driver/Inc/stm32f1xx_hal_uart.h"
 426              		.file 8 "Drivers/FreeModbus/port/port.h"
 427              		.file 9 "Drivers/FreeModbus/include/mbport.h"
ARM GAS  C:\Users\az\AppData\Local\Temp\cctgK9mf.s 			page 10


DEFINED SYMBOLS
                            *ABS*:00000000 portserial.c
C:\Users\az\AppData\Local\Temp\cctgK9mf.s:18     .text.xMBPortSerialInit:00000000 $t
C:\Users\az\AppData\Local\Temp\cctgK9mf.s:24     .text.xMBPortSerialInit:00000000 xMBPortSerialInit
C:\Users\az\AppData\Local\Temp\cctgK9mf.s:57     .text.xMBPortSerialInit:00000010 $d
C:\Users\az\AppData\Local\Temp\cctgK9mf.s:62     .text.vMBPortSerialEnable:00000000 $t
C:\Users\az\AppData\Local\Temp\cctgK9mf.s:68     .text.vMBPortSerialEnable:00000000 vMBPortSerialEnable
C:\Users\az\AppData\Local\Temp\cctgK9mf.s:130    .text.vMBPortSerialEnable:00000030 $d
C:\Users\az\AppData\Local\Temp\cctgK9mf.s:137    .text.vMBPortClose:00000000 $t
C:\Users\az\AppData\Local\Temp\cctgK9mf.s:143    .text.vMBPortClose:00000000 vMBPortClose
C:\Users\az\AppData\Local\Temp\cctgK9mf.s:168    .text.vMBPortClose:00000014 $d
C:\Users\az\AppData\Local\Temp\cctgK9mf.s:173    .text.xMBPortSerialPutByte:00000000 $t
C:\Users\az\AppData\Local\Temp\cctgK9mf.s:179    .text.xMBPortSerialPutByte:00000000 xMBPortSerialPutByte
C:\Users\az\AppData\Local\Temp\cctgK9mf.s:215    .text.xMBPortSerialPutByte:00000020 $d
C:\Users\az\AppData\Local\Temp\cctgK9mf.s:220    .text.xMBPortSerialPutBytes:00000000 $t
C:\Users\az\AppData\Local\Temp\cctgK9mf.s:226    .text.xMBPortSerialPutBytes:00000000 xMBPortSerialPutBytes
C:\Users\az\AppData\Local\Temp\cctgK9mf.s:257    .text.xMBPortSerialPutBytes:00000014 $d
C:\Users\az\AppData\Local\Temp\cctgK9mf.s:262    .text.xMBPortSerialGetByte:00000000 $t
C:\Users\az\AppData\Local\Temp\cctgK9mf.s:268    .text.xMBPortSerialGetByte:00000000 xMBPortSerialGetByte
C:\Users\az\AppData\Local\Temp\cctgK9mf.s:290    .text.xMBPortSerialGetByte:0000000c $d
C:\Users\az\AppData\Local\Temp\cctgK9mf.s:295    .text.HAL_UART_RxCpltCallback:00000000 $t
C:\Users\az\AppData\Local\Temp\cctgK9mf.s:301    .text.HAL_UART_RxCpltCallback:00000000 HAL_UART_RxCpltCallback
C:\Users\az\AppData\Local\Temp\cctgK9mf.s:347    .text.HAL_UART_RxCpltCallback:00000024 $d
C:\Users\az\AppData\Local\Temp\cctgK9mf.s:354    .text.HAL_UART_TxCpltCallback:00000000 $t
C:\Users\az\AppData\Local\Temp\cctgK9mf.s:360    .text.HAL_UART_TxCpltCallback:00000000 HAL_UART_TxCpltCallback
C:\Users\az\AppData\Local\Temp\cctgK9mf.s:399    .text.HAL_UART_TxCpltCallback:00000018 $d
C:\Users\az\AppData\Local\Temp\cctgK9mf.s:416    .bss.uart:00000000 uart
C:\Users\az\AppData\Local\Temp\cctgK9mf.s:409    .bss.singlechar:00000000 singlechar
C:\Users\az\AppData\Local\Temp\cctgK9mf.s:410    .bss.singlechar:00000000 $d
C:\Users\az\AppData\Local\Temp\cctgK9mf.s:412    .bss.uart:00000000 $d

UNDEFINED SYMBOLS
HAL_UART_Init
HAL_UART_Receive_IT
HAL_UART_AbortReceive_IT
HAL_UART_AbortTransmit_IT
pxMBFrameCBTransmitterEmpty
HAL_UART_Transmit_IT
pxMBFrameCBByteReceived
