ARM GAS  C:\Users\Andre\AppData\Local\Temp\ccRjRuGc.s 			page 1


   1              		.cpu cortex-m3
   2              		.arch armv7-m
   3              		.fpu softvfp
   4              		.eabi_attribute 20, 1
   5              		.eabi_attribute 21, 1
   6              		.eabi_attribute 23, 3
   7              		.eabi_attribute 24, 1
   8              		.eabi_attribute 25, 1
   9              		.eabi_attribute 26, 1
  10              		.eabi_attribute 30, 1
  11              		.eabi_attribute 34, 1
  12              		.eabi_attribute 18, 4
  13              		.file	"spi.c"
  14              		.text
  15              	.Ltext0:
  16              		.cfi_sections	.debug_frame
  17              		.section	.text.MX_SPI2_Init,"ax",%progbits
  18              		.align	1
  19              		.global	MX_SPI2_Init
  20              		.syntax unified
  21              		.thumb
  22              		.thumb_func
  24              	MX_SPI2_Init:
  25              	.LFB65:
  26              		.file 1 "Core/Src/spi.c"
   1:Core/Src/spi.c **** /* USER CODE BEGIN Header */
   2:Core/Src/spi.c **** /**
   3:Core/Src/spi.c ****   ******************************************************************************
   4:Core/Src/spi.c ****   * @file    spi.c
   5:Core/Src/spi.c ****   * @brief   This file provides code for the configuration
   6:Core/Src/spi.c ****   *          of the SPI instances.
   7:Core/Src/spi.c ****   ******************************************************************************
   8:Core/Src/spi.c ****   * @attention
   9:Core/Src/spi.c ****   *
  10:Core/Src/spi.c ****   * Copyright (c) 2024 STMicroelectronics.
  11:Core/Src/spi.c ****   * All rights reserved.
  12:Core/Src/spi.c ****   *
  13:Core/Src/spi.c ****   * This software is licensed under terms that can be found in the LICENSE file
  14:Core/Src/spi.c ****   * in the root directory of this software component.
  15:Core/Src/spi.c ****   * If no LICENSE file comes with this software, it is provided AS-IS.
  16:Core/Src/spi.c ****   *
  17:Core/Src/spi.c ****   ******************************************************************************
  18:Core/Src/spi.c ****   */
  19:Core/Src/spi.c **** /* USER CODE END Header */
  20:Core/Src/spi.c **** /* Includes ------------------------------------------------------------------*/
  21:Core/Src/spi.c **** #include "spi.h"
  22:Core/Src/spi.c **** 
  23:Core/Src/spi.c **** /* USER CODE BEGIN 0 */
  24:Core/Src/spi.c **** 
  25:Core/Src/spi.c **** /* USER CODE END 0 */
  26:Core/Src/spi.c **** 
  27:Core/Src/spi.c **** SPI_HandleTypeDef hspi2;
  28:Core/Src/spi.c **** 
  29:Core/Src/spi.c **** /* SPI2 init function */
  30:Core/Src/spi.c **** void MX_SPI2_Init(void)
  31:Core/Src/spi.c **** {
  27              		.loc 1 31 1 view -0
ARM GAS  C:\Users\Andre\AppData\Local\Temp\ccRjRuGc.s 			page 2


  28              		.cfi_startproc
  29              		@ args = 0, pretend = 0, frame = 0
  30              		@ frame_needed = 0, uses_anonymous_args = 0
  31 0000 08B5     		push	{r3, lr}
  32              	.LCFI0:
  33              		.cfi_def_cfa_offset 8
  34              		.cfi_offset 3, -8
  35              		.cfi_offset 14, -4
  32:Core/Src/spi.c **** 
  33:Core/Src/spi.c ****   /* USER CODE BEGIN SPI2_Init 0 */
  34:Core/Src/spi.c **** 
  35:Core/Src/spi.c ****   /* USER CODE END SPI2_Init 0 */
  36:Core/Src/spi.c **** 
  37:Core/Src/spi.c ****   /* USER CODE BEGIN SPI2_Init 1 */
  38:Core/Src/spi.c **** 
  39:Core/Src/spi.c ****   /* USER CODE END SPI2_Init 1 */
  40:Core/Src/spi.c ****   hspi2.Instance = SPI2;
  36              		.loc 1 40 3 view .LVU1
  37              		.loc 1 40 18 is_stmt 0 view .LVU2
  38 0002 0F48     		ldr	r0, .L5
  39 0004 0F4B     		ldr	r3, .L5+4
  40 0006 0360     		str	r3, [r0]
  41:Core/Src/spi.c ****   hspi2.Init.Mode = SPI_MODE_MASTER;
  41              		.loc 1 41 3 is_stmt 1 view .LVU3
  42              		.loc 1 41 19 is_stmt 0 view .LVU4
  43 0008 4FF48273 		mov	r3, #260
  44 000c 4360     		str	r3, [r0, #4]
  42:Core/Src/spi.c ****   hspi2.Init.Direction = SPI_DIRECTION_2LINES;
  45              		.loc 1 42 3 is_stmt 1 view .LVU5
  46              		.loc 1 42 24 is_stmt 0 view .LVU6
  47 000e 0023     		movs	r3, #0
  48 0010 8360     		str	r3, [r0, #8]
  43:Core/Src/spi.c ****   hspi2.Init.DataSize = SPI_DATASIZE_8BIT;
  49              		.loc 1 43 3 is_stmt 1 view .LVU7
  50              		.loc 1 43 23 is_stmt 0 view .LVU8
  51 0012 C360     		str	r3, [r0, #12]
  44:Core/Src/spi.c ****   hspi2.Init.CLKPolarity = SPI_POLARITY_HIGH;
  52              		.loc 1 44 3 is_stmt 1 view .LVU9
  53              		.loc 1 44 26 is_stmt 0 view .LVU10
  54 0014 0222     		movs	r2, #2
  55 0016 0261     		str	r2, [r0, #16]
  45:Core/Src/spi.c ****   hspi2.Init.CLKPhase = SPI_PHASE_2EDGE;
  56              		.loc 1 45 3 is_stmt 1 view .LVU11
  57              		.loc 1 45 23 is_stmt 0 view .LVU12
  58 0018 0122     		movs	r2, #1
  59 001a 4261     		str	r2, [r0, #20]
  46:Core/Src/spi.c ****   hspi2.Init.NSS = SPI_NSS_SOFT;
  60              		.loc 1 46 3 is_stmt 1 view .LVU13
  61              		.loc 1 46 18 is_stmt 0 view .LVU14
  62 001c 4FF40072 		mov	r2, #512
  63 0020 8261     		str	r2, [r0, #24]
  47:Core/Src/spi.c ****   hspi2.Init.BaudRatePrescaler = SPI_BAUDRATEPRESCALER_4;
  64              		.loc 1 47 3 is_stmt 1 view .LVU15
  65              		.loc 1 47 32 is_stmt 0 view .LVU16
  66 0022 0822     		movs	r2, #8
  67 0024 C261     		str	r2, [r0, #28]
  48:Core/Src/spi.c ****   hspi2.Init.FirstBit = SPI_FIRSTBIT_MSB;
ARM GAS  C:\Users\Andre\AppData\Local\Temp\ccRjRuGc.s 			page 3


  68              		.loc 1 48 3 is_stmt 1 view .LVU17
  69              		.loc 1 48 23 is_stmt 0 view .LVU18
  70 0026 0362     		str	r3, [r0, #32]
  49:Core/Src/spi.c ****   hspi2.Init.TIMode = SPI_TIMODE_DISABLE;
  71              		.loc 1 49 3 is_stmt 1 view .LVU19
  72              		.loc 1 49 21 is_stmt 0 view .LVU20
  73 0028 4362     		str	r3, [r0, #36]
  50:Core/Src/spi.c ****   hspi2.Init.CRCCalculation = SPI_CRCCALCULATION_DISABLE;
  74              		.loc 1 50 3 is_stmt 1 view .LVU21
  75              		.loc 1 50 29 is_stmt 0 view .LVU22
  76 002a 8362     		str	r3, [r0, #40]
  51:Core/Src/spi.c ****   hspi2.Init.CRCPolynomial = 10;
  77              		.loc 1 51 3 is_stmt 1 view .LVU23
  78              		.loc 1 51 28 is_stmt 0 view .LVU24
  79 002c 0A23     		movs	r3, #10
  80 002e C362     		str	r3, [r0, #44]
  52:Core/Src/spi.c ****   if (HAL_SPI_Init(&hspi2) != HAL_OK)
  81              		.loc 1 52 3 is_stmt 1 view .LVU25
  82              		.loc 1 52 7 is_stmt 0 view .LVU26
  83 0030 FFF7FEFF 		bl	HAL_SPI_Init
  84              	.LVL0:
  85              		.loc 1 52 6 view .LVU27
  86 0034 00B9     		cbnz	r0, .L4
  87              	.L1:
  53:Core/Src/spi.c ****   {
  54:Core/Src/spi.c ****     Error_Handler();
  55:Core/Src/spi.c ****   }
  56:Core/Src/spi.c ****   /* USER CODE BEGIN SPI2_Init 2 */
  57:Core/Src/spi.c **** 
  58:Core/Src/spi.c ****   /* USER CODE END SPI2_Init 2 */
  59:Core/Src/spi.c **** 
  60:Core/Src/spi.c **** }
  88              		.loc 1 60 1 view .LVU28
  89 0036 08BD     		pop	{r3, pc}
  90              	.L4:
  54:Core/Src/spi.c ****   }
  91              		.loc 1 54 5 is_stmt 1 view .LVU29
  92 0038 FFF7FEFF 		bl	Error_Handler
  93              	.LVL1:
  94              		.loc 1 60 1 is_stmt 0 view .LVU30
  95 003c FBE7     		b	.L1
  96              	.L6:
  97 003e 00BF     		.align	2
  98              	.L5:
  99 0040 00000000 		.word	.LANCHOR0
 100 0044 00380040 		.word	1073756160
 101              		.cfi_endproc
 102              	.LFE65:
 104              		.section	.text.HAL_SPI_MspInit,"ax",%progbits
 105              		.align	1
 106              		.global	HAL_SPI_MspInit
 107              		.syntax unified
 108              		.thumb
 109              		.thumb_func
 111              	HAL_SPI_MspInit:
 112              	.LVL2:
 113              	.LFB66:
ARM GAS  C:\Users\Andre\AppData\Local\Temp\ccRjRuGc.s 			page 4


  61:Core/Src/spi.c **** 
  62:Core/Src/spi.c **** void HAL_SPI_MspInit(SPI_HandleTypeDef* spiHandle)
  63:Core/Src/spi.c **** {
 114              		.loc 1 63 1 is_stmt 1 view -0
 115              		.cfi_startproc
 116              		@ args = 0, pretend = 0, frame = 24
 117              		@ frame_needed = 0, uses_anonymous_args = 0
 118              		.loc 1 63 1 is_stmt 0 view .LVU32
 119 0000 30B5     		push	{r4, r5, lr}
 120              	.LCFI1:
 121              		.cfi_def_cfa_offset 12
 122              		.cfi_offset 4, -12
 123              		.cfi_offset 5, -8
 124              		.cfi_offset 14, -4
 125 0002 87B0     		sub	sp, sp, #28
 126              	.LCFI2:
 127              		.cfi_def_cfa_offset 40
  64:Core/Src/spi.c **** 
  65:Core/Src/spi.c ****   GPIO_InitTypeDef GPIO_InitStruct = {0};
 128              		.loc 1 65 3 is_stmt 1 view .LVU33
 129              		.loc 1 65 20 is_stmt 0 view .LVU34
 130 0004 0023     		movs	r3, #0
 131 0006 0293     		str	r3, [sp, #8]
 132 0008 0393     		str	r3, [sp, #12]
 133 000a 0493     		str	r3, [sp, #16]
 134 000c 0593     		str	r3, [sp, #20]
  66:Core/Src/spi.c ****   if(spiHandle->Instance==SPI2)
 135              		.loc 1 66 3 is_stmt 1 view .LVU35
 136              		.loc 1 66 15 is_stmt 0 view .LVU36
 137 000e 0268     		ldr	r2, [r0]
 138              		.loc 1 66 5 view .LVU37
 139 0010 174B     		ldr	r3, .L11
 140 0012 9A42     		cmp	r2, r3
 141 0014 01D0     		beq	.L10
 142              	.LVL3:
 143              	.L7:
  67:Core/Src/spi.c ****   {
  68:Core/Src/spi.c ****   /* USER CODE BEGIN SPI2_MspInit 0 */
  69:Core/Src/spi.c **** 
  70:Core/Src/spi.c ****   /* USER CODE END SPI2_MspInit 0 */
  71:Core/Src/spi.c ****     /* SPI2 clock enable */
  72:Core/Src/spi.c ****     __HAL_RCC_SPI2_CLK_ENABLE();
  73:Core/Src/spi.c **** 
  74:Core/Src/spi.c ****     __HAL_RCC_GPIOB_CLK_ENABLE();
  75:Core/Src/spi.c ****     /**SPI2 GPIO Configuration
  76:Core/Src/spi.c ****     PB13     ------> SPI2_SCK
  77:Core/Src/spi.c ****     PB14     ------> SPI2_MISO
  78:Core/Src/spi.c ****     PB15     ------> SPI2_MOSI
  79:Core/Src/spi.c ****     */
  80:Core/Src/spi.c ****     GPIO_InitStruct.Pin = GPIO_PIN_13|GPIO_PIN_15;
  81:Core/Src/spi.c ****     GPIO_InitStruct.Mode = GPIO_MODE_AF_PP;
  82:Core/Src/spi.c ****     GPIO_InitStruct.Speed = GPIO_SPEED_FREQ_MEDIUM;
  83:Core/Src/spi.c ****     HAL_GPIO_Init(GPIOB, &GPIO_InitStruct);
  84:Core/Src/spi.c **** 
  85:Core/Src/spi.c ****     GPIO_InitStruct.Pin = GPIO_PIN_14;
  86:Core/Src/spi.c ****     GPIO_InitStruct.Mode = GPIO_MODE_INPUT;
  87:Core/Src/spi.c ****     GPIO_InitStruct.Pull = GPIO_PULLUP;
ARM GAS  C:\Users\Andre\AppData\Local\Temp\ccRjRuGc.s 			page 5


  88:Core/Src/spi.c ****     HAL_GPIO_Init(GPIOB, &GPIO_InitStruct);
  89:Core/Src/spi.c **** 
  90:Core/Src/spi.c ****   /* USER CODE BEGIN SPI2_MspInit 1 */
  91:Core/Src/spi.c **** 
  92:Core/Src/spi.c ****   /* USER CODE END SPI2_MspInit 1 */
  93:Core/Src/spi.c ****   }
  94:Core/Src/spi.c **** }
 144              		.loc 1 94 1 view .LVU38
 145 0016 07B0     		add	sp, sp, #28
 146              	.LCFI3:
 147              		.cfi_remember_state
 148              		.cfi_def_cfa_offset 12
 149              		@ sp needed
 150 0018 30BD     		pop	{r4, r5, pc}
 151              	.LVL4:
 152              	.L10:
 153              	.LCFI4:
 154              		.cfi_restore_state
  72:Core/Src/spi.c **** 
 155              		.loc 1 72 5 is_stmt 1 view .LVU39
 156              	.LBB2:
  72:Core/Src/spi.c **** 
 157              		.loc 1 72 5 view .LVU40
  72:Core/Src/spi.c **** 
 158              		.loc 1 72 5 view .LVU41
 159 001a 03F5EC33 		add	r3, r3, #120832
 160 001e DA69     		ldr	r2, [r3, #28]
 161 0020 42F48042 		orr	r2, r2, #16384
 162 0024 DA61     		str	r2, [r3, #28]
  72:Core/Src/spi.c **** 
 163              		.loc 1 72 5 view .LVU42
 164 0026 DA69     		ldr	r2, [r3, #28]
 165 0028 02F48042 		and	r2, r2, #16384
 166 002c 0092     		str	r2, [sp]
  72:Core/Src/spi.c **** 
 167              		.loc 1 72 5 view .LVU43
 168 002e 009A     		ldr	r2, [sp]
 169              	.LBE2:
  72:Core/Src/spi.c **** 
 170              		.loc 1 72 5 view .LVU44
  74:Core/Src/spi.c ****     /**SPI2 GPIO Configuration
 171              		.loc 1 74 5 view .LVU45
 172              	.LBB3:
  74:Core/Src/spi.c ****     /**SPI2 GPIO Configuration
 173              		.loc 1 74 5 view .LVU46
  74:Core/Src/spi.c ****     /**SPI2 GPIO Configuration
 174              		.loc 1 74 5 view .LVU47
 175 0030 9A69     		ldr	r2, [r3, #24]
 176 0032 42F00802 		orr	r2, r2, #8
 177 0036 9A61     		str	r2, [r3, #24]
  74:Core/Src/spi.c ****     /**SPI2 GPIO Configuration
 178              		.loc 1 74 5 view .LVU48
 179 0038 9B69     		ldr	r3, [r3, #24]
 180 003a 03F00803 		and	r3, r3, #8
 181 003e 0193     		str	r3, [sp, #4]
  74:Core/Src/spi.c ****     /**SPI2 GPIO Configuration
 182              		.loc 1 74 5 view .LVU49
ARM GAS  C:\Users\Andre\AppData\Local\Temp\ccRjRuGc.s 			page 6


 183 0040 019B     		ldr	r3, [sp, #4]
 184              	.LBE3:
  74:Core/Src/spi.c ****     /**SPI2 GPIO Configuration
 185              		.loc 1 74 5 view .LVU50
  80:Core/Src/spi.c ****     GPIO_InitStruct.Mode = GPIO_MODE_AF_PP;
 186              		.loc 1 80 5 view .LVU51
  80:Core/Src/spi.c ****     GPIO_InitStruct.Mode = GPIO_MODE_AF_PP;
 187              		.loc 1 80 25 is_stmt 0 view .LVU52
 188 0042 4FF42043 		mov	r3, #40960
 189 0046 0293     		str	r3, [sp, #8]
  81:Core/Src/spi.c ****     GPIO_InitStruct.Speed = GPIO_SPEED_FREQ_MEDIUM;
 190              		.loc 1 81 5 is_stmt 1 view .LVU53
  81:Core/Src/spi.c ****     GPIO_InitStruct.Speed = GPIO_SPEED_FREQ_MEDIUM;
 191              		.loc 1 81 26 is_stmt 0 view .LVU54
 192 0048 0223     		movs	r3, #2
 193 004a 0393     		str	r3, [sp, #12]
  82:Core/Src/spi.c ****     HAL_GPIO_Init(GPIOB, &GPIO_InitStruct);
 194              		.loc 1 82 5 is_stmt 1 view .LVU55
  82:Core/Src/spi.c ****     HAL_GPIO_Init(GPIOB, &GPIO_InitStruct);
 195              		.loc 1 82 27 is_stmt 0 view .LVU56
 196 004c 0125     		movs	r5, #1
 197 004e 0595     		str	r5, [sp, #20]
  83:Core/Src/spi.c **** 
 198              		.loc 1 83 5 is_stmt 1 view .LVU57
 199 0050 084C     		ldr	r4, .L11+4
 200 0052 02A9     		add	r1, sp, #8
 201 0054 2046     		mov	r0, r4
 202              	.LVL5:
  83:Core/Src/spi.c **** 
 203              		.loc 1 83 5 is_stmt 0 view .LVU58
 204 0056 FFF7FEFF 		bl	HAL_GPIO_Init
 205              	.LVL6:
  85:Core/Src/spi.c ****     GPIO_InitStruct.Mode = GPIO_MODE_INPUT;
 206              		.loc 1 85 5 is_stmt 1 view .LVU59
  85:Core/Src/spi.c ****     GPIO_InitStruct.Mode = GPIO_MODE_INPUT;
 207              		.loc 1 85 25 is_stmt 0 view .LVU60
 208 005a 4FF48043 		mov	r3, #16384
 209 005e 0293     		str	r3, [sp, #8]
  86:Core/Src/spi.c ****     GPIO_InitStruct.Pull = GPIO_PULLUP;
 210              		.loc 1 86 5 is_stmt 1 view .LVU61
  86:Core/Src/spi.c ****     GPIO_InitStruct.Pull = GPIO_PULLUP;
 211              		.loc 1 86 26 is_stmt 0 view .LVU62
 212 0060 0023     		movs	r3, #0
 213 0062 0393     		str	r3, [sp, #12]
  87:Core/Src/spi.c ****     HAL_GPIO_Init(GPIOB, &GPIO_InitStruct);
 214              		.loc 1 87 5 is_stmt 1 view .LVU63
  87:Core/Src/spi.c ****     HAL_GPIO_Init(GPIOB, &GPIO_InitStruct);
 215              		.loc 1 87 26 is_stmt 0 view .LVU64
 216 0064 0495     		str	r5, [sp, #16]
  88:Core/Src/spi.c **** 
 217              		.loc 1 88 5 is_stmt 1 view .LVU65
 218 0066 02A9     		add	r1, sp, #8
 219 0068 2046     		mov	r0, r4
 220 006a FFF7FEFF 		bl	HAL_GPIO_Init
 221              	.LVL7:
 222              		.loc 1 94 1 is_stmt 0 view .LVU66
 223 006e D2E7     		b	.L7
ARM GAS  C:\Users\Andre\AppData\Local\Temp\ccRjRuGc.s 			page 7


 224              	.L12:
 225              		.align	2
 226              	.L11:
 227 0070 00380040 		.word	1073756160
 228 0074 000C0140 		.word	1073810432
 229              		.cfi_endproc
 230              	.LFE66:
 232              		.section	.text.HAL_SPI_MspDeInit,"ax",%progbits
 233              		.align	1
 234              		.global	HAL_SPI_MspDeInit
 235              		.syntax unified
 236              		.thumb
 237              		.thumb_func
 239              	HAL_SPI_MspDeInit:
 240              	.LVL8:
 241              	.LFB67:
  95:Core/Src/spi.c **** 
  96:Core/Src/spi.c **** void HAL_SPI_MspDeInit(SPI_HandleTypeDef* spiHandle)
  97:Core/Src/spi.c **** {
 242              		.loc 1 97 1 is_stmt 1 view -0
 243              		.cfi_startproc
 244              		@ args = 0, pretend = 0, frame = 0
 245              		@ frame_needed = 0, uses_anonymous_args = 0
 246              		.loc 1 97 1 is_stmt 0 view .LVU68
 247 0000 08B5     		push	{r3, lr}
 248              	.LCFI5:
 249              		.cfi_def_cfa_offset 8
 250              		.cfi_offset 3, -8
 251              		.cfi_offset 14, -4
  98:Core/Src/spi.c **** 
  99:Core/Src/spi.c ****   if(spiHandle->Instance==SPI2)
 252              		.loc 1 99 3 is_stmt 1 view .LVU69
 253              		.loc 1 99 15 is_stmt 0 view .LVU70
 254 0002 0268     		ldr	r2, [r0]
 255              		.loc 1 99 5 view .LVU71
 256 0004 074B     		ldr	r3, .L17
 257 0006 9A42     		cmp	r2, r3
 258 0008 00D0     		beq	.L16
 259              	.LVL9:
 260              	.L13:
 100:Core/Src/spi.c ****   {
 101:Core/Src/spi.c ****   /* USER CODE BEGIN SPI2_MspDeInit 0 */
 102:Core/Src/spi.c **** 
 103:Core/Src/spi.c ****   /* USER CODE END SPI2_MspDeInit 0 */
 104:Core/Src/spi.c ****     /* Peripheral clock disable */
 105:Core/Src/spi.c ****     __HAL_RCC_SPI2_CLK_DISABLE();
 106:Core/Src/spi.c **** 
 107:Core/Src/spi.c ****     /**SPI2 GPIO Configuration
 108:Core/Src/spi.c ****     PB13     ------> SPI2_SCK
 109:Core/Src/spi.c ****     PB14     ------> SPI2_MISO
 110:Core/Src/spi.c ****     PB15     ------> SPI2_MOSI
 111:Core/Src/spi.c ****     */
 112:Core/Src/spi.c ****     HAL_GPIO_DeInit(GPIOB, GPIO_PIN_13|GPIO_PIN_14|GPIO_PIN_15);
 113:Core/Src/spi.c **** 
 114:Core/Src/spi.c ****   /* USER CODE BEGIN SPI2_MspDeInit 1 */
 115:Core/Src/spi.c **** 
 116:Core/Src/spi.c ****   /* USER CODE END SPI2_MspDeInit 1 */
ARM GAS  C:\Users\Andre\AppData\Local\Temp\ccRjRuGc.s 			page 8


 117:Core/Src/spi.c ****   }
 118:Core/Src/spi.c **** }
 261              		.loc 1 118 1 view .LVU72
 262 000a 08BD     		pop	{r3, pc}
 263              	.LVL10:
 264              	.L16:
 105:Core/Src/spi.c **** 
 265              		.loc 1 105 5 is_stmt 1 view .LVU73
 266 000c 064A     		ldr	r2, .L17+4
 267 000e D369     		ldr	r3, [r2, #28]
 268 0010 23F48043 		bic	r3, r3, #16384
 269 0014 D361     		str	r3, [r2, #28]
 112:Core/Src/spi.c **** 
 270              		.loc 1 112 5 view .LVU74
 271 0016 4FF46041 		mov	r1, #57344
 272 001a 0448     		ldr	r0, .L17+8
 273              	.LVL11:
 112:Core/Src/spi.c **** 
 274              		.loc 1 112 5 is_stmt 0 view .LVU75
 275 001c FFF7FEFF 		bl	HAL_GPIO_DeInit
 276              	.LVL12:
 277              		.loc 1 118 1 view .LVU76
 278 0020 F3E7     		b	.L13
 279              	.L18:
 280 0022 00BF     		.align	2
 281              	.L17:
 282 0024 00380040 		.word	1073756160
 283 0028 00100240 		.word	1073876992
 284 002c 000C0140 		.word	1073810432
 285              		.cfi_endproc
 286              	.LFE67:
 288              		.global	hspi2
 289              		.section	.bss.hspi2,"aw",%nobits
 290              		.align	2
 291              		.set	.LANCHOR0,. + 0
 294              	hspi2:
 295 0000 00000000 		.space	88
 295      00000000 
 295      00000000 
 295      00000000 
 295      00000000 
 296              		.text
 297              	.Letext0:
 298              		.file 2 "c:\\vscodeide\\software\\armembeddedgcc\\arm-none-eabi\\include\\machine\\_default_types.
 299              		.file 3 "c:\\vscodeide\\software\\armembeddedgcc\\arm-none-eabi\\include\\sys\\_stdint.h"
 300              		.file 4 "Drivers/CMSIS/Device/ST/STM32F1xx/Include/stm32f103xb.h"
 301              		.file 5 "Drivers/STM32F1xx_HAL_Driver/Inc/stm32f1xx_hal_def.h"
 302              		.file 6 "Drivers/STM32F1xx_HAL_Driver/Inc/stm32f1xx_hal_gpio.h"
 303              		.file 7 "Drivers/STM32F1xx_HAL_Driver/Inc/stm32f1xx_hal_dma.h"
 304              		.file 8 "Drivers/STM32F1xx_HAL_Driver/Inc/stm32f1xx_hal_spi.h"
 305              		.file 9 "Core/Inc/main.h"
 306              		.file 10 "Core/Inc/spi.h"
ARM GAS  C:\Users\Andre\AppData\Local\Temp\ccRjRuGc.s 			page 9


DEFINED SYMBOLS
                            *ABS*:00000000 spi.c
C:\Users\Andre\AppData\Local\Temp\ccRjRuGc.s:18     .text.MX_SPI2_Init:00000000 $t
C:\Users\Andre\AppData\Local\Temp\ccRjRuGc.s:24     .text.MX_SPI2_Init:00000000 MX_SPI2_Init
C:\Users\Andre\AppData\Local\Temp\ccRjRuGc.s:99     .text.MX_SPI2_Init:00000040 $d
C:\Users\Andre\AppData\Local\Temp\ccRjRuGc.s:105    .text.HAL_SPI_MspInit:00000000 $t
C:\Users\Andre\AppData\Local\Temp\ccRjRuGc.s:111    .text.HAL_SPI_MspInit:00000000 HAL_SPI_MspInit
C:\Users\Andre\AppData\Local\Temp\ccRjRuGc.s:227    .text.HAL_SPI_MspInit:00000070 $d
C:\Users\Andre\AppData\Local\Temp\ccRjRuGc.s:233    .text.HAL_SPI_MspDeInit:00000000 $t
C:\Users\Andre\AppData\Local\Temp\ccRjRuGc.s:239    .text.HAL_SPI_MspDeInit:00000000 HAL_SPI_MspDeInit
C:\Users\Andre\AppData\Local\Temp\ccRjRuGc.s:282    .text.HAL_SPI_MspDeInit:00000024 $d
C:\Users\Andre\AppData\Local\Temp\ccRjRuGc.s:294    .bss.hspi2:00000000 hspi2
C:\Users\Andre\AppData\Local\Temp\ccRjRuGc.s:290    .bss.hspi2:00000000 $d

UNDEFINED SYMBOLS
HAL_SPI_Init
Error_Handler
HAL_GPIO_Init
HAL_GPIO_DeInit
